     C:/Users/Elena/Downloads/!musica/Nirvana/Nirvana - [1994-1998] Outcesticide/3 - The final solution
metadata up to date - C:/Users/Elena/Downloads/!musica/Nirvana/Nirvana - [1994-1998] Outcesticide/3 - The final solution/Nirvana - About a girl.mp3
metadata up to date - C:/Users/Elena/Downloads/!musica/Nirvana/Nirvana - [1994-1998] Outcesticide/3 - The final solution/Nirvana - Aneurysm.mp3
metadata up to date - C:/Users/Elena/Downloads/!musica/Nirvana/Nirvana - [1994-1998] Outcesticide/3 - The final solution/Nirvana - Beans.mp3
metadata up to date - C:/Users/Elena/Downloads/!musica/Nirvana/Nirvana - [1994-1998] Outcesticide/3 - The final solution/Nirvana - Blandest.mp3
metadata up to date - C:/Users/Elena/Downloads/!musica/Nirvana/Nirvana - [1994-1998] Outcesticide/3 - The final solution/Nirvana - Curmudgeon.mp3
metadata up to date - C:/Users/Elena/Downloads/!musica/Nirvana/Nirvana - [1994-1998] Outcesticide/3 - The final solution/Nirvana - Dive (early version).mp3
metadata up to date - C:/Users/Elena/Downloads/!musica/Nirvana/Nirvana - [1994-1998] Outcesticide/3 - The final solution/Nirvana - Dive (radio session).mp3
metadata up to date - C:/Users/Elena/Downloads/!musica/Nirvana/Nirvana - [1994-1998] Outcesticide/3 - The final solution/Nirvana - Drain you.mp3
metadata up to date - C:/Users/Elena/Downloads/!musica/Nirvana/Nirvana - [1994-1998] Outcesticide/3 - The final solution/Nirvana - Dumb.mp3
metadata up to date - C:/Users/Elena/Downloads/!musica/Nirvana/Nirvana - [1994-1998] Outcesticide/3 - The final solution/Nirvana - Even in his youth.mp3
metadata up to date - C:/Users/Elena/Downloads/!musica/Nirvana/Nirvana - [1994-1998] Outcesticide/3 - The final solution/Nirvana - High on the hog (alcohol).mp3
metadata up to date - C:/Users/Elena/Downloads/!musica/Nirvana/Nirvana - [1994-1998] Outcesticide/3 - The final solution/Nirvana - In his hands (live).mp3
metadata up to date - C:/Users/Elena/Downloads/!musica/Nirvana/Nirvana - [1994-1998] Outcesticide/3 - The final solution/Nirvana - Marigold (demo).mp3
metadata up to date - C:/Users/Elena/Downloads/!musica/Nirvana/Nirvana - [1994-1998] Outcesticide/3 - The final solution/Nirvana - Mr. moustache.mp3
metadata up to date - C:/Users/Elena/Downloads/!musica/Nirvana/Nirvana - [1994-1998] Outcesticide/3 - The final solution/Nirvana - Oh, the guilt.mp3
metadata up to date - C:/Users/Elena/Downloads/!musica/Nirvana/Nirvana - [1994-1998] Outcesticide/3 - The final solution/Nirvana - Pennyroyal tea.mp3
metadata up to date - C:/Users/Elena/Downloads/!musica/Nirvana/Nirvana - [1994-1998] Outcesticide/3 - The final solution/Nirvana - Polly.mp3
metadata up to date - C:/Users/Elena/Downloads/!musica/Nirvana/Nirvana - [1994-1998] Outcesticide/3 - The final solution/Nirvana - Rape me.mp3
metadata up to date - C:/Users/Elena/Downloads/!musica/Nirvana/Nirvana - [1994-1998] Outcesticide/3 - The final solution/Nirvana - Run rabbit, run (rough, but rare, the long forgotten set closer from 1987).mp3
filename up to date - C:/Users/Elena/Downloads/!musica/Nirvana/Nirvana - [1994-1998] Outcesticide/3 - The final solution/Nirvana - Run rabbit, run (rough, but rare, the long forgotten set closer from 1987).mp3
metadata up to date - C:/Users/Elena/Downloads/!musica/Nirvana/Nirvana - [1994-1998] Outcesticide/3 - The final solution/Nirvana - Serve the servants.mp3
metadata up to date - C:/Users/Elena/Downloads/!musica/Nirvana/Nirvana - [1994-1998] Outcesticide/3 - The final solution/Nirvana - Smells like teen spirit (live).mp3
metadata up to date - C:/Users/Elena/Downloads/!musica/Nirvana/Nirvana - [1994-1998] Outcesticide/3 - The final solution/Nirvana - The eagle has landed.mp3
metadata up to date - C:/Users/Elena/Downloads/!musica/Nirvana/Nirvana - [1994-1998] Outcesticide/3 - The final solution/Nirvana - The money will roll right in.mp3
