filename ERROR - C:/Users/Elena/Downloads/!musica/Nirvana/Nirvana - [1994-1998] Outcesticide/3 - The final solution/Nirvana - About a girl.mp3
   { Error: ENOENT: no such file or directory, rename 'C:\Users\Elena\Downloads\!musica\Nirvana\Nirvana - [1994-1998] Outcesticide\3 - The final solution\Nirvana - About a girl.mp3' -> 'C:\Users\Elena\Downloads\!musica\Nirvana\Nirvana - [1994-1998] Outcesticide\3 - The final solution\Nirvana - About a girl (lost radio session, vpro, hilversum, holland - 5\11\89).mp3'
  errno: -4058,
  code: 'ENOENT',
  syscall: 'rename',
  path: 'C:\\Users\\Elena\\Downloads\\!musica\\Nirvana\\Nirvana - [1994-1998] Outcesticide\\3 - The final solution\\Nirvana - About a girl.mp3',
  dest: 'C:\\Users\\Elena\\Downloads\\!musica\\Nirvana\\Nirvana - [1994-1998] Outcesticide\\3 - The final solution\\Nirvana - About a girl (lost radio session, vpro, hilversum, holland - 5\\11\\89).mp3' }
----------------------
filename ERROR - C:/Users/Elena/Downloads/!musica/Nirvana/Nirvana - [1994-1998] Outcesticide/3 - The final solution/Nirvana - Aneurysm.mp3
   { Error: ENOENT: no such file or directory, rename 'C:\Users\Elena\Downloads\!musica\Nirvana\Nirvana - [1994-1998] Outcesticide\3 - The final solution\Nirvana - Aneurysm.mp3' -> 'C:\Users\Elena\Downloads\!musica\Nirvana\Nirvana - [1994-1998] Outcesticide\3 - The final solution\Nirvana - Aneurysm (early live version, different lyrics - 11\90).mp3'
  errno: -4058,
  code: 'ENOENT',
  syscall: 'rename',
  path: 'C:\\Users\\Elena\\Downloads\\!musica\\Nirvana\\Nirvana - [1994-1998] Outcesticide\\3 - The final solution\\Nirvana - Aneurysm.mp3',
  dest: 'C:\\Users\\Elena\\Downloads\\!musica\\Nirvana\\Nirvana - [1994-1998] Outcesticide\\3 - The final solution\\Nirvana - Aneurysm (early live version, different lyrics - 11\\90).mp3' }
----------------------
filename ERROR - C:/Users/Elena/Downloads/!musica/Nirvana/Nirvana - [1994-1998] Outcesticide/3 - The final solution/Nirvana - Beans.mp3
   { Error: ENOENT: no such file or directory, rename 'C:\Users\Elena\Downloads\!musica\Nirvana\Nirvana - [1994-1998] Outcesticide\3 - The final solution\Nirvana - Beans.mp3' -> 'C:\Users\Elena\Downloads\!musica\Nirvana\Nirvana - [1994-1998] Outcesticide\3 - The final solution\Nirvana - Beans (left off the 'bleach' lp as subpop thought they were retarded - 12\88).mp3'
  errno: -4058,
  code: 'ENOENT',
  syscall: 'rename',
  path: 'C:\\Users\\Elena\\Downloads\\!musica\\Nirvana\\Nirvana - [1994-1998] Outcesticide\\3 - The final solution\\Nirvana - Beans.mp3',
  dest: 'C:\\Users\\Elena\\Downloads\\!musica\\Nirvana\\Nirvana - [1994-1998] Outcesticide\\3 - The final solution\\Nirvana - Beans (left off the \'bleach\' lp as subpop thought they were retarded - 12\\88).mp3' }
----------------------
filename ERROR - C:/Users/Elena/Downloads/!musica/Nirvana/Nirvana - [1994-1998] Outcesticide/3 - The final solution/Nirvana - Blandest.mp3
   { Error: ENOENT: no such file or directory, rename 'C:\Users\Elena\Downloads\!musica\Nirvana\Nirvana - [1994-1998] Outcesticide\3 - The final solution\Nirvana - Blandest.mp3' -> 'C:\Users\Elena\Downloads\!musica\Nirvana\Nirvana - [1994-1998] Outcesticide\3 - The final solution\Nirvana - Blandest (original scrapped b-side of ''love buzz'' subpop 7'' - 11\6\88).mp3'
  errno: -4058,
  code: 'ENOENT',
  syscall: 'rename',
  path: 'C:\\Users\\Elena\\Downloads\\!musica\\Nirvana\\Nirvana - [1994-1998] Outcesticide\\3 - The final solution\\Nirvana - Blandest.mp3',
  dest: 'C:\\Users\\Elena\\Downloads\\!musica\\Nirvana\\Nirvana - [1994-1998] Outcesticide\\3 - The final solution\\Nirvana - Blandest (original scrapped b-side of \'\'love buzz\'\' subpop 7\'\' - 11\\6\\88).mp3' }
----------------------
filename ERROR - C:/Users/Elena/Downloads/!musica/Nirvana/Nirvana - [1994-1998] Outcesticide/3 - The final solution/Nirvana - Curmudgeon.mp3
   { Error: ENOENT: no such file or directory, rename 'C:\Users\Elena\Downloads\!musica\Nirvana\Nirvana - [1994-1998] Outcesticide\3 - The final solution\Nirvana - Curmudgeon.mp3' -> 'C:\Users\Elena\Downloads\!musica\Nirvana\Nirvana - [1994-1998] Outcesticide\3 - The final solution\Nirvana - Curmudgeon (the only live performance, from belgium 11\91).mp3'
  errno: -4058,
  code: 'ENOENT',
  syscall: 'rename',
  path: 'C:\\Users\\Elena\\Downloads\\!musica\\Nirvana\\Nirvana - [1994-1998] Outcesticide\\3 - The final solution\\Nirvana - Curmudgeon.mp3',
  dest: 'C:\\Users\\Elena\\Downloads\\!musica\\Nirvana\\Nirvana - [1994-1998] Outcesticide\\3 - The final solution\\Nirvana - Curmudgeon (the only live performance, from belgium 11\\91).mp3' }
----------------------
filename ERROR - C:/Users/Elena/Downloads/!musica/Nirvana/Nirvana - [1994-1998] Outcesticide/3 - The final solution/Nirvana - Dive (early version).mp3
   { Error: ENOENT: no such file or directory, rename 'C:\Users\Elena\Downloads\!musica\Nirvana\Nirvana - [1994-1998] Outcesticide\3 - The final solution\Nirvana - Dive (early version).mp3' -> 'C:\Users\Elena\Downloads\!musica\Nirvana\Nirvana - [1994-1998] Outcesticide\3 - The final solution\Nirvana - Dive (early version with different lyrics - 6\89).mp3'
  errno: -4058,
  code: 'ENOENT',
  syscall: 'rename',
  path: 'C:\\Users\\Elena\\Downloads\\!musica\\Nirvana\\Nirvana - [1994-1998] Outcesticide\\3 - The final solution\\Nirvana - Dive (early version).mp3',
  dest: 'C:\\Users\\Elena\\Downloads\\!musica\\Nirvana\\Nirvana - [1994-1998] Outcesticide\\3 - The final solution\\Nirvana - Dive (early version with different lyrics - 6\\89).mp3' }
----------------------
filename ERROR - C:/Users/Elena/Downloads/!musica/Nirvana/Nirvana - [1994-1998] Outcesticide/3 - The final solution/Nirvana - Dive (radio session).mp3
   { Error: ENOENT: no such file or directory, rename 'C:\Users\Elena\Downloads\!musica\Nirvana\Nirvana - [1994-1998] Outcesticide\3 - The final solution\Nirvana - Dive (radio session).mp3' -> 'C:\Users\Elena\Downloads\!musica\Nirvana\Nirvana - [1994-1998] Outcesticide\3 - The final solution\Nirvana - Dive (2) (lost radio session, vpro, hilversum, holland - 5\11\89).mp3'
  errno: -4058,
  code: 'ENOENT',
  syscall: 'rename',
  path: 'C:\\Users\\Elena\\Downloads\\!musica\\Nirvana\\Nirvana - [1994-1998] Outcesticide\\3 - The final solution\\Nirvana - Dive (radio session).mp3',
  dest: 'C:\\Users\\Elena\\Downloads\\!musica\\Nirvana\\Nirvana - [1994-1998] Outcesticide\\3 - The final solution\\Nirvana - Dive (2) (lost radio session, vpro, hilversum, holland - 5\\11\\89).mp3' }
----------------------
filename ERROR - C:/Users/Elena/Downloads/!musica/Nirvana/Nirvana - [1994-1998] Outcesticide/3 - The final solution/Nirvana - Drain you.mp3
   { Error: ENOENT: no such file or directory, rename 'C:\Users\Elena\Downloads\!musica\Nirvana\Nirvana - [1994-1998] Outcesticide\3 - The final solution\Nirvana - Drain you.mp3' -> 'C:\Users\Elena\Downloads\!musica\Nirvana\Nirvana - [1994-1998] Outcesticide\3 - The final solution\Nirvana - Drain you (live 'nulle part a' - french studios 4\2\94).mp3'
  errno: -4058,
  code: 'ENOENT',
  syscall: 'rename',
  path: 'C:\\Users\\Elena\\Downloads\\!musica\\Nirvana\\Nirvana - [1994-1998] Outcesticide\\3 - The final solution\\Nirvana - Drain you.mp3',
  dest: 'C:\\Users\\Elena\\Downloads\\!musica\\Nirvana\\Nirvana - [1994-1998] Outcesticide\\3 - The final solution\\Nirvana - Drain you (live \'nulle part a\' - french studios 4\\2\\94).mp3' }
----------------------
filename ERROR - C:/Users/Elena/Downloads/!musica/Nirvana/Nirvana - [1994-1998] Outcesticide/3 - The final solution/Nirvana - Dumb.mp3
   { Error: ENOENT: no such file or directory, rename 'C:\Users\Elena\Downloads\!musica\Nirvana\Nirvana - [1994-1998] Outcesticide\3 - The final solution\Nirvana - Dumb.mp3' -> 'C:\Users\Elena\Downloads\!musica\Nirvana\Nirvana - [1994-1998] Outcesticide\3 - The final solution\Nirvana - Dumb (live, 'tunnel', rai italian tv studios - 23\2\94).mp3'
  errno: -4058,
  code: 'ENOENT',
  syscall: 'rename',
  path: 'C:\\Users\\Elena\\Downloads\\!musica\\Nirvana\\Nirvana - [1994-1998] Outcesticide\\3 - The final solution\\Nirvana - Dumb.mp3',
  dest: 'C:\\Users\\Elena\\Downloads\\!musica\\Nirvana\\Nirvana - [1994-1998] Outcesticide\\3 - The final solution\\Nirvana - Dumb (live, \'tunnel\', rai italian tv studios - 23\\2\\94).mp3' }
----------------------
filename ERROR - C:/Users/Elena/Downloads/!musica/Nirvana/Nirvana - [1994-1998] Outcesticide/3 - The final solution/Nirvana - Even in his youth.mp3
   { Error: ENOENT: no such file or directory, rename 'C:\Users\Elena\Downloads\!musica\Nirvana\Nirvana - [1994-1998] Outcesticide\3 - The final solution\Nirvana - Even in his youth.mp3' -> 'C:\Users\Elena\Downloads\!musica\Nirvana\Nirvana - [1994-1998] Outcesticide\3 - The final solution\Nirvana - Even in his youth (early version, music source studios, seattle - 10\89).mp3'
  errno: -4058,
  code: 'ENOENT',
  syscall: 'rename',
  path: 'C:\\Users\\Elena\\Downloads\\!musica\\Nirvana\\Nirvana - [1994-1998] Outcesticide\\3 - The final solution\\Nirvana - Even in his youth.mp3',
  dest: 'C:\\Users\\Elena\\Downloads\\!musica\\Nirvana\\Nirvana - [1994-1998] Outcesticide\\3 - The final solution\\Nirvana - Even in his youth (early version, music source studios, seattle - 10\\89).mp3' }
----------------------
filename ERROR - C:/Users/Elena/Downloads/!musica/Nirvana/Nirvana - [1994-1998] Outcesticide/3 - The final solution/Nirvana - High on the hog (alcohol).mp3
   { Error: ENOENT: no such file or directory, rename 'C:\Users\Elena\Downloads\!musica\Nirvana\Nirvana - [1994-1998] Outcesticide\3 - The final solution\Nirvana - High on the hog (alcohol).mp3' -> 'C:\Users\Elena\Downloads\!musica\Nirvana\Nirvana - [1994-1998] Outcesticide\3 - The final solution\Nirvana - Alcohol (for one night only this unreleased song was played in italy - 10\89).mp3'
  errno: -4058,
  code: 'ENOENT',
  syscall: 'rename',
  path: 'C:\\Users\\Elena\\Downloads\\!musica\\Nirvana\\Nirvana - [1994-1998] Outcesticide\\3 - The final solution\\Nirvana - High on the hog (alcohol).mp3',
  dest: 'C:\\Users\\Elena\\Downloads\\!musica\\Nirvana\\Nirvana - [1994-1998] Outcesticide\\3 - The final solution\\Nirvana - Alcohol (for one night only this unreleased song was played in italy - 10\\89).mp3' }
----------------------
filename ERROR - C:/Users/Elena/Downloads/!musica/Nirvana/Nirvana - [1994-1998] Outcesticide/3 - The final solution/Nirvana - In his hands (live).mp3
   { Error: ENOENT: no such file or directory, rename 'C:\Users\Elena\Downloads\!musica\Nirvana\Nirvana - [1994-1998] Outcesticide\3 - The final solution\Nirvana - In his hands (live).mp3' -> 'C:\Users\Elena\Downloads\!musica\Nirvana\Nirvana - [1994-1998] Outcesticide\3 - The final solution\Nirvana - In his hands (live version of an unreleased song with different lyrics - 11\90).mp3'
  errno: -4058,
  code: 'ENOENT',
  syscall: 'rename',
  path: 'C:\\Users\\Elena\\Downloads\\!musica\\Nirvana\\Nirvana - [1994-1998] Outcesticide\\3 - The final solution\\Nirvana - In his hands (live).mp3',
  dest: 'C:\\Users\\Elena\\Downloads\\!musica\\Nirvana\\Nirvana - [1994-1998] Outcesticide\\3 - The final solution\\Nirvana - In his hands (live version of an unreleased song with different lyrics - 11\\90).mp3' }
----------------------
filename ERROR - C:/Users/Elena/Downloads/!musica/Nirvana/Nirvana - [1994-1998] Outcesticide/3 - The final solution/Nirvana - Marigold (demo).mp3
   { Error: ENOENT: no such file or directory, rename 'C:\Users\Elena\Downloads\!musica\Nirvana\Nirvana - [1994-1998] Outcesticide\3 - The final solution\Nirvana - Marigold (demo).mp3' -> 'C:\Users\Elena\Downloads\!musica\Nirvana\Nirvana - [1994-1998] Outcesticide\3 - The final solution\Nirvana - Marigold (dave's original demo, upland studios, arlington, va - 23\12\90).mp3'
  errno: -4058,
  code: 'ENOENT',
  syscall: 'rename',
  path: 'C:\\Users\\Elena\\Downloads\\!musica\\Nirvana\\Nirvana - [1994-1998] Outcesticide\\3 - The final solution\\Nirvana - Marigold (demo).mp3',
  dest: 'C:\\Users\\Elena\\Downloads\\!musica\\Nirvana\\Nirvana - [1994-1998] Outcesticide\\3 - The final solution\\Nirvana - Marigold (dave\'s original demo, upland studios, arlington, va - 23\\12\\90).mp3' }
----------------------
filename ERROR - C:/Users/Elena/Downloads/!musica/Nirvana/Nirvana - [1994-1998] Outcesticide/3 - The final solution/Nirvana - Mr. moustache.mp3
   { Error: ENOENT: no such file or directory, rename 'C:\Users\Elena\Downloads\!musica\Nirvana\Nirvana - [1994-1998] Outcesticide\3 - The final solution\Nirvana - Mr. moustache.mp3' -> 'C:\Users\Elena\Downloads\!musica\Nirvana\Nirvana - [1994-1998] Outcesticide\3 - The final solution\Nirvana - Mr. moustache (early version with different lyrics - 6\88).mp3'
  errno: -4058,
  code: 'ENOENT',
  syscall: 'rename',
  path: 'C:\\Users\\Elena\\Downloads\\!musica\\Nirvana\\Nirvana - [1994-1998] Outcesticide\\3 - The final solution\\Nirvana - Mr. moustache.mp3',
  dest: 'C:\\Users\\Elena\\Downloads\\!musica\\Nirvana\\Nirvana - [1994-1998] Outcesticide\\3 - The final solution\\Nirvana - Mr. moustache (early version with different lyrics - 6\\88).mp3' }
----------------------
filename ERROR - C:/Users/Elena/Downloads/!musica/Nirvana/Nirvana - [1994-1998] Outcesticide/3 - The final solution/Nirvana - Oh, the guilt.mp3
   { Error: ENOENT: no such file or directory, rename 'C:\Users\Elena\Downloads\!musica\Nirvana\Nirvana - [1994-1998] Outcesticide\3 - The final solution\Nirvana - Oh, the guilt.mp3' -> 'C:\Users\Elena\Downloads\!musica\Nirvana\Nirvana - [1994-1998] Outcesticide\3 - The final solution\Nirvana - Oh, the guilt (early live version, different lyrics - 11\90).mp3'
  errno: -4058,
  code: 'ENOENT',
  syscall: 'rename',
  path: 'C:\\Users\\Elena\\Downloads\\!musica\\Nirvana\\Nirvana - [1994-1998] Outcesticide\\3 - The final solution\\Nirvana - Oh, the guilt.mp3',
  dest: 'C:\\Users\\Elena\\Downloads\\!musica\\Nirvana\\Nirvana - [1994-1998] Outcesticide\\3 - The final solution\\Nirvana - Oh, the guilt (early live version, different lyrics - 11\\90).mp3' }
----------------------
filename ERROR - C:/Users/Elena/Downloads/!musica/Nirvana/Nirvana - [1994-1998] Outcesticide/3 - The final solution/Nirvana - Pennyroyal tea.mp3
   { Error: ENOENT: no such file or directory, rename 'C:\Users\Elena\Downloads\!musica\Nirvana\Nirvana - [1994-1998] Outcesticide\3 - The final solution\Nirvana - Pennyroyal tea.mp3' -> 'C:\Users\Elena\Downloads\!musica\Nirvana\Nirvana - [1994-1998] Outcesticide\3 - The final solution\Nirvana - Pennyroyal tea (live 'nulle part a' - french studios 4\2\94).mp3'
  errno: -4058,
  code: 'ENOENT',
  syscall: 'rename',
  path: 'C:\\Users\\Elena\\Downloads\\!musica\\Nirvana\\Nirvana - [1994-1998] Outcesticide\\3 - The final solution\\Nirvana - Pennyroyal tea.mp3',
  dest: 'C:\\Users\\Elena\\Downloads\\!musica\\Nirvana\\Nirvana - [1994-1998] Outcesticide\\3 - The final solution\\Nirvana - Pennyroyal tea (live \'nulle part a\' - french studios 4\\2\\94).mp3' }
----------------------
filename ERROR - C:/Users/Elena/Downloads/!musica/Nirvana/Nirvana - [1994-1998] Outcesticide/3 - The final solution/Nirvana - Polly.mp3
   { Error: ENOENT: no such file or directory, rename 'C:\Users\Elena\Downloads\!musica\Nirvana\Nirvana - [1994-1998] Outcesticide\3 - The final solution\Nirvana - Polly.mp3' -> 'C:\Users\Elena\Downloads\!musica\Nirvana\Nirvana - [1994-1998] Outcesticide\3 - The final solution\Nirvana - Polly (unfinished electric version, music source studios, seattle - 10\89).mp3'
  errno: -4058,
  code: 'ENOENT',
  syscall: 'rename',
  path: 'C:\\Users\\Elena\\Downloads\\!musica\\Nirvana\\Nirvana - [1994-1998] Outcesticide\\3 - The final solution\\Nirvana - Polly.mp3',
  dest: 'C:\\Users\\Elena\\Downloads\\!musica\\Nirvana\\Nirvana - [1994-1998] Outcesticide\\3 - The final solution\\Nirvana - Polly (unfinished electric version, music source studios, seattle - 10\\89).mp3' }
----------------------
filename ERROR - C:/Users/Elena/Downloads/!musica/Nirvana/Nirvana - [1994-1998] Outcesticide/3 - The final solution/Nirvana - Rape me.mp3
   { Error: ENOENT: no such file or directory, rename 'C:\Users\Elena\Downloads\!musica\Nirvana\Nirvana - [1994-1998] Outcesticide\3 - The final solution\Nirvana - Rape me.mp3' -> 'C:\Users\Elena\Downloads\!musica\Nirvana\Nirvana - [1994-1998] Outcesticide\3 - The final solution\Nirvana - Rape me (live 'nulle part a' - french studios 4\2\94).mp3'
  errno: -4058,
  code: 'ENOENT',
  syscall: 'rename',
  path: 'C:\\Users\\Elena\\Downloads\\!musica\\Nirvana\\Nirvana - [1994-1998] Outcesticide\\3 - The final solution\\Nirvana - Rape me.mp3',
  dest: 'C:\\Users\\Elena\\Downloads\\!musica\\Nirvana\\Nirvana - [1994-1998] Outcesticide\\3 - The final solution\\Nirvana - Rape me (live \'nulle part a\' - french studios 4\\2\\94).mp3' }
----------------------
filename ERROR - C:/Users/Elena/Downloads/!musica/Nirvana/Nirvana - [1994-1998] Outcesticide/3 - The final solution/Nirvana - Serve the servants.mp3
   { Error: ENOENT: no such file or directory, rename 'C:\Users\Elena\Downloads\!musica\Nirvana\Nirvana - [1994-1998] Outcesticide\3 - The final solution\Nirvana - Serve the servants.mp3' -> 'C:\Users\Elena\Downloads\!musica\Nirvana\Nirvana - [1994-1998] Outcesticide\3 - The final solution\Nirvana - Serve the servants (live, 'tunnel', rai italian tv studios - 23\2\94).mp3'
  errno: -4058,
  code: 'ENOENT',
  syscall: 'rename',
  path: 'C:\\Users\\Elena\\Downloads\\!musica\\Nirvana\\Nirvana - [1994-1998] Outcesticide\\3 - The final solution\\Nirvana - Serve the servants.mp3',
  dest: 'C:\\Users\\Elena\\Downloads\\!musica\\Nirvana\\Nirvana - [1994-1998] Outcesticide\\3 - The final solution\\Nirvana - Serve the servants (live, \'tunnel\', rai italian tv studios - 23\\2\\94).mp3' }
----------------------
filename ERROR - C:/Users/Elena/Downloads/!musica/Nirvana/Nirvana - [1994-1998] Outcesticide/3 - The final solution/Nirvana - Smells like teen spirit (live).mp3
   { Error: ENOENT: no such file or directory, rename 'C:\Users\Elena\Downloads\!musica\Nirvana\Nirvana - [1994-1998] Outcesticide\3 - The final solution\Nirvana - Smells like teen spirit (live).mp3' -> 'C:\Users\Elena\Downloads\!musica\Nirvana\Nirvana - [1994-1998] Outcesticide\3 - The final solution\Nirvana - Smells like teen spirit (live, mtv studios, ny - 10\1\92).mp3'
  errno: -4058,
  code: 'ENOENT',
  syscall: 'rename',
  path: 'C:\\Users\\Elena\\Downloads\\!musica\\Nirvana\\Nirvana - [1994-1998] Outcesticide\\3 - The final solution\\Nirvana - Smells like teen spirit (live).mp3',
  dest: 'C:\\Users\\Elena\\Downloads\\!musica\\Nirvana\\Nirvana - [1994-1998] Outcesticide\\3 - The final solution\\Nirvana - Smells like teen spirit (live, mtv studios, ny - 10\\1\\92).mp3' }
----------------------
filename ERROR - C:/Users/Elena/Downloads/!musica/Nirvana/Nirvana - [1994-1998] Outcesticide/3 - The final solution/Nirvana - The eagle has landed.mp3
   { Error: ENOENT: no such file or directory, rename 'C:\Users\Elena\Downloads\!musica\Nirvana\Nirvana - [1994-1998] Outcesticide\3 - The final solution\Nirvana - The eagle has landed.mp3' -> 'C:\Users\Elena\Downloads\!musica\Nirvana\Nirvana - [1994-1998] Outcesticide\3 - The final solution\Nirvana - The eagle has landed (aka 'tourettes', early version - 8\92).mp3'
  errno: -4058,
  code: 'ENOENT',
  syscall: 'rename',
  path: 'C:\\Users\\Elena\\Downloads\\!musica\\Nirvana\\Nirvana - [1994-1998] Outcesticide\\3 - The final solution\\Nirvana - The eagle has landed.mp3',
  dest: 'C:\\Users\\Elena\\Downloads\\!musica\\Nirvana\\Nirvana - [1994-1998] Outcesticide\\3 - The final solution\\Nirvana - The eagle has landed (aka \'tourettes\', early version - 8\\92).mp3' }
----------------------
filename ERROR - C:/Users/Elena/Downloads/!musica/Nirvana/Nirvana - [1994-1998] Outcesticide/3 - The final solution/Nirvana - The money will roll right in.mp3
   { Error: ENOENT: no such file or directory, rename 'C:\Users\Elena\Downloads\!musica\Nirvana\Nirvana - [1994-1998] Outcesticide\3 - The final solution\Nirvana - The money will roll right in.mp3' -> 'C:\Users\Elena\Downloads\!musica\Nirvana\Nirvana - [1994-1998] Outcesticide\3 - The final solution\Nirvana - The money will roll right in (live cover version of a fang song - 8\92).mp3'
  errno: -4058,
  code: 'ENOENT',
  syscall: 'rename',
  path: 'C:\\Users\\Elena\\Downloads\\!musica\\Nirvana\\Nirvana - [1994-1998] Outcesticide\\3 - The final solution\\Nirvana - The money will roll right in.mp3',
  dest: 'C:\\Users\\Elena\\Downloads\\!musica\\Nirvana\\Nirvana - [1994-1998] Outcesticide\\3 - The final solution\\Nirvana - The money will roll right in (live cover version of a fang song - 8\\92).mp3' }
----------------------
